2024-11-04 15:49:19,226 INFO c.e.d.SareetaApplication [main] Starting SareetaApplication on LPT-5520-KOSAMA with PID 86504 (D:\Java\SpringBoot\MyWork\5_SecurityAndDevOps\Project\nd035-c4-Security-and-DevOps-master\nd035-c4-Security-and-DevOps-master\starter_code\target\classes started by karim.osama in D:\Java\SpringBoot\MyWork\5_SecurityAndDevOps\Project\nd035-c4-Security-and-DevOps-master\nd035-c4-Security-and-DevOps-master\starter_code)
2024-11-04 15:49:19,239 DEBUG c.e.d.SareetaApplication [main] Running with Spring Boot v2.3.4.RELEASE, Spring v5.2.9.RELEASE
2024-11-04 15:49:19,242 INFO c.e.d.SareetaApplication [main] No active profile set, falling back to default profiles: default
2024-11-04 15:49:26,844 INFO c.e.d.SareetaApplication [main] Started SareetaApplication in 8.288 seconds (JVM running for 9.887)
2024-11-04 15:49:55,950 DEBUG c.e.d.s.JwtAuthorizationFilter [http-nio-8080-exec-4] JWT Filtration ...
2024-11-04 15:49:56,060 DEBUG c.e.d.c.UserController [http-nio-8080-exec-4] Password: HeyYou@123
2024-11-04 15:49:56,061 INFO c.e.d.s.AuthenticationService [http-nio-8080-exec-4] Salt: $2a$10$8Gv8YufCVriJQhdEJqVCdu
2024-11-04 15:49:56,062 DEBUG c.e.d.s.AuthenticationService [http-nio-8080-exec-4] rawPassword: HeyYou@123
2024-11-04 15:49:56,168 DEBUG c.e.d.s.AuthenticationService [http-nio-8080-exec-4] hashedPassword: $2a$10$8Gv8YufCVriJQhdEJqVCduAB4dJwwCew7Z3uYOV86uwt7EWTaaO7S
2024-11-04 15:49:56,244 ERROR c.e.d.s.JwtAuthorizationFilter [http-nio-8080-exec-4] Token Failure, Invalid Header or prefix
2024-11-04 15:50:32,851 DEBUG c.e.d.s.JwtAuthorizationFilter [http-nio-8080-exec-5] JWT Filtration ...
2024-11-04 15:50:33,156 INFO c.e.d.s.JwtUtil [http-nio-8080-exec-5] Generating a Token for Karim
2024-11-04 15:50:33,192 INFO c.e.d.s.JwtUtil [http-nio-8080-exec-5] Generating a Token for eyJ0eXAiOiJKV1QiLCJhbGciOiJIUzI1NiJ9.eyJzdWIiOiJLYXJpbSIsImV4cCI6MTczMDgxNDYzMywiaWF0IjoxNzMwNzI4MjMzfQ.NuFyqkNjOmyF78DmSt1BjtusV1zX7RkbCJtyHHys5Jg
2024-11-04 15:50:33,192 DEBUG c.e.d.c.UserController [http-nio-8080-exec-5] Logged in !, Token: eyJ0eXAiOiJKV1QiLCJhbGciOiJIUzI1NiJ9.eyJzdWIiOiJLYXJpbSIsImV4cCI6MTczMDgxNDYzMywiaWF0IjoxNzMwNzI4MjMzfQ.NuFyqkNjOmyF78DmSt1BjtusV1zX7RkbCJtyHHys5Jg
2024-11-04 15:50:33,197 ERROR c.e.d.s.JwtAuthorizationFilter [http-nio-8080-exec-5] Token Failure, Invalid Header or prefix
2024-11-04 15:50:54,320 DEBUG c.e.d.s.JwtAuthorizationFilter [http-nio-8080-exec-8] JWT Filtration ...
2024-11-04 15:50:54,343 DEBUG c.e.d.c.UserController [http-nio-8080-exec-8] Getting Username Karim.
2024-11-04 15:50:54,343 DEBUG c.e.d.c.UserController [http-nio-8080-exec-8] User Found!
2024-11-04 15:51:19,050 DEBUG c.e.d.s.JwtAuthorizationFilter [http-nio-8080-exec-9] JWT Filtration ...
2024-11-04 15:51:19,099 INFO c.e.d.c.CartController [http-nio-8080-exec-9] Item 1 is Added !
2024-11-04 15:51:43,424 DEBUG c.e.d.s.JwtAuthorizationFilter [http-nio-8080-exec-2] JWT Filtration ...
2024-11-04 15:51:43,434 INFO c.e.d.c.CartController [http-nio-8080-exec-2] Item 3 is Added !
2024-11-04 15:52:03,890 DEBUG c.e.d.s.JwtAuthorizationFilter [http-nio-8080-exec-6] JWT Filtration ...
2024-11-04 15:52:03,892 ERROR c.e.d.s.JwtAuthorizationFilter [http-nio-8080-exec-6] Exception Token validation...
